TN:
SF:src/PE103/Mochila/Mochila.ts
FN:15,(anonymous_0)
FN:21,(anonymous_1)
FN:37,(anonymous_2)
FN:54,(anonymous_3)
FNF:4
FNH:4
FNDA:1,(anonymous_0)
FNDA:1,(anonymous_1)
FNDA:1,(anonymous_2)
FNDA:3,(anonymous_3)
DA:1,1
DA:11,1
DA:12,1
DA:13,1
DA:23,1
DA:24,1
DA:25,1
DA:26,1
DA:27,1
DA:28,5
DA:29,5
DA:39,1
DA:40,1
DA:41,1
DA:42,1
DA:43,3
DA:44,3
DA:56,3
DA:57,3
DA:59,1
DA:60,1
DA:62,1
DA:63,1
DA:65,1
DA:68,2
DA:69,2
DA:70,2
DA:71,13
DA:72,13
DA:74,2
LF:30
LH:30
BRDA:57,0,0,1
BRDA:57,0,1,1
BRDA:57,0,2,1
BRF:3
BRH:3
end_of_record
